#
# A fatal error has been detected by the Java Runtime Environment:
#
#  SIGSEGV (0xb) at pc=0x00007f6038f498aa, pid=4560, tid=0x00007f605295f700
#
# JRE version: OpenJDK Runtime Environment (8.0_144-b01) (build 1.8.0_144-b01)
# Java VM: OpenJDK 64-Bit Server VM (25.144-b01 mixed mode linux-amd64 compressed oops)
# Problematic frame:
# C  [libNautyCheck.so+0xc8aa]  Java_de_hhu_bsinfo_dxgraph_algo_isomorphy_JNINauty_addEdge+0x79
#
# Core dump written. Default location: /home/philipp/Promotion/dxram/src/de/hhu/bsinfo/dxgraph/algo/isomorphy/core or core.4560
#
# If you would like to submit a bug report, please visit:
#   http://bugreport.java.com/bugreport/crash.jsp
# The crash happened outside the Java Virtual Machine in native code.
# See problematic frame for where to report the bug.
#

---------------  T H R E A D  ---------------

Current thread (0x00007f604c009800):  JavaThread "main" [_thread_in_native, id=4561, stack(0x00007f6052860000,0x00007f6052960000)]

siginfo: si_signo: 11 (SIGSEGV), si_code: 1 (SEGV_MAPERR), si_addr: 0x0000000000000000

Registers:
RAX=0x0000000000000000, RBX=0x00007f603b2ac618, RCX=0x0000000000000000, RDX=0x0000000000000000
RSP=0x00007f605295e7f0, RBP=0x00007f605295e820, RSI=0x0000000000000000, RDI=0x00007f605295e290
R8 =0x0000000000000000, R9 =0x0000000000000000, R10=0x0000000000000000, R11=0x0000000000000000
R12=0x0000000000000000, R13=0x00007f603b2ac618, R14=0x00007f605295e8d0, R15=0x00007f604c009800
RIP=0x00007f6038f498aa, EFLAGS=0x0000000000010246, CSGSFS=0x002b000000000033, ERR=0x0000000000000004
  TRAPNO=0x000000000000000e

Top of Stack: (sp=0x00007f605295e7f0)
0x00007f605295e7f0:   000000013b2ac618 0000000000000000
0x00007f605295e800:   00007f605295e8d0 00007f604c0099e0
0x00007f605295e810:   00007f605295e898 0000000100000000
0x00007f605295e820:   00007f605295e898 00007f603ce0e774
0x00007f605295e830:   00007f603b2ac618 00007f605295e8d0
0x00007f605295e840:   00007f605295e898 00007f603ce0e507
0x00007f605295e850:   00007f603ce0e4c2 00007f605295e858
0x00007f605295e860:   00007f603b2ac618 00007f605295e8d0
0x00007f605295e870:   00007f603b2ac9f8 0000000000000000
0x00007f605295e880:   00007f603b2ac618 0000000000000000
0x00007f605295e890:   00007f605295e8b8 00007f605295e918
0x00007f605295e8a0:   00007f603cdfeffd 0000000000000000
0x00007f605295e8b0:   00007f603ce08278 0000000000000001
0x00007f605295e8c0:   0000000000000000 0000000000000000
0x00007f605295e8d0:   0000000781f73660 00007f605295e8d8
0x00007f605295e8e0:   00007f603b2ac79b 00007f605295e958
0x00007f605295e8f0:   00007f603b2ac9f8 0000000000000000
0x00007f605295e900:   00007f603b2ac800 00007f605295e8b8
0x00007f605295e910:   00007f605295e938 00007f605295e9a8
0x00007f605295e920:   00007f603cdfe7d0 0000000781f73620
0x00007f605295e930:   0000000781f73c30 0000000781f73400
0x00007f605295e940:   0000000000000003 0000000781f73400
0x00007f605295e950:   0000000000000003 0000000781f73660
0x00007f605295e960:   0000000781f1dac8 00007f605295e968
0x00007f605295e970:   00007f603b2ac8da 00007f605295e9c8
0x00007f605295e980:   00007f603b2ac9f8 0000000000000000
0x00007f605295e990:   00007f603b2ac8f0 00007f605295e938
0x00007f605295e9a0:   00007f605295e9c8 00007f605295ea30
0x00007f605295e9b0:   00007f603cdf74e7 0000000781f73660
0x00007f605295e9c0:   0000000781f73400 0000000781f73250
0x00007f605295e9d0:   0000000000001fa0 00007f603b2ac8f0
0x00007f605295e9e0:   00007f605295ec20 00007f605295ead0 

Instructions: (pc=0x00007f6038f498aa)
0x00007f6038f4988a:   48 63 ca 8b 55 f8 48 63 d2 48 0f af ca 8b 55 fc
0x00007f6038f4989a:   c1 fa 05 48 63 d2 48 01 ca 48 c1 e2 02 48 01 d0
0x00007f6038f498aa:   8b 08 8b 45 fc 83 e0 1f 48 98 48 8d 14 85 00 00
0x00007f6038f498ba:   00 00 48 8d 05 9d 2a 00 00 8b 14 02 48 8b 05 03 

Register to memory mapping:

RAX=0x0000000000000000 is an unknown value
RBX={method} {0x00007f603b2ac618} 'addEdge' '(III)V' in 'de/hhu/bsinfo/dxgraph/algo/isomorphy/JNINauty'
RCX=0x0000000000000000 is an unknown value
RDX=0x0000000000000000 is an unknown value
RSP=0x00007f605295e7f0 is pointing into the stack for thread: 0x00007f604c009800
RBP=0x00007f605295e820 is pointing into the stack for thread: 0x00007f604c009800
RSI=0x0000000000000000 is an unknown value
RDI=0x00007f605295e290 is pointing into the stack for thread: 0x00007f604c009800
R8 =0x0000000000000000 is an unknown value
R9 =0x0000000000000000 is an unknown value
R10=0x0000000000000000 is an unknown value
R11=0x0000000000000000 is an unknown value
R12=0x0000000000000000 is an unknown value
R13={method} {0x00007f603b2ac618} 'addEdge' '(III)V' in 'de/hhu/bsinfo/dxgraph/algo/isomorphy/JNINauty'
R14=0x00007f605295e8d0 is pointing into the stack for thread: 0x00007f604c009800
R15=0x00007f604c009800 is a thread


Stack: [0x00007f6052860000,0x00007f6052960000],  sp=0x00007f605295e7f0,  free space=1017k
Native frames: (J=compiled Java code, j=interpreted, Vv=VM code, C=native code)
C  [libNautyCheck.so+0xc8aa]  Java_de_hhu_bsinfo_dxgraph_algo_isomorphy_JNINauty_addEdge+0x79
j  de.hhu.bsinfo.dxgraph.algo.isomorphy.JNINauty.addEdge(III)V+0
j  de.hhu.bsinfo.dxgraph.algo.isomorphy.JNINauty.check(ILjava/util/Map;ILjava/util/Map;)Z+83
j  de.hhu.bsinfo.dxgraph.algo.isomorphy.JNINauty.main([Ljava/lang/String;)V+50
v  ~StubRoutines::call_stub
V  [libjvm.so+0x67d0db]
V  [libjvm.so+0x69e840]
V  [libjvm.so+0x6a0e2d]
C  [libjli.so+0x361c]
C  [libpthread.so.0+0x708c]  start_thread+0xdc

Java frames: (J=compiled Java code, j=interpreted, Vv=VM code)
j  de.hhu.bsinfo.dxgraph.algo.isomorphy.JNINauty.addEdge(III)V+0
j  de.hhu.bsinfo.dxgraph.algo.isomorphy.JNINauty.check(ILjava/util/Map;ILjava/util/Map;)Z+83
j  de.hhu.bsinfo.dxgraph.algo.isomorphy.JNINauty.main([Ljava/lang/String;)V+50
v  ~StubRoutines::call_stub

---------------  P R O C E S S  ---------------

Java Threads: ( => current thread )
  0x00007f604c0cf000 JavaThread "Service Thread" daemon [_thread_blocked, id=4573, stack(0x00007f60392e6000,0x00007f60393e7000)]
  0x00007f604c0bb800 JavaThread "C1 CompilerThread2" daemon [_thread_blocked, id=4572, stack(0x00007f60393e8000,0x00007f60394e8000)]
  0x00007f604c0ba000 JavaThread "C2 CompilerThread1" daemon [_thread_blocked, id=4571, stack(0x00007f60394e9000,0x00007f60395e9000)]
  0x00007f604c0b7000 JavaThread "C2 CompilerThread0" daemon [_thread_blocked, id=4570, stack(0x00007f60395ea000,0x00007f60396ea000)]
  0x00007f604c0b5800 JavaThread "Signal Dispatcher" daemon [_thread_blocked, id=4569, stack(0x00007f60396ea000,0x00007f60397eb000)]
  0x00007f604c082800 JavaThread "Finalizer" daemon [_thread_blocked, id=4568, stack(0x00007f60399d2000,0x00007f6039ad3000)]
  0x00007f604c07e000 JavaThread "Reference Handler" daemon [_thread_blocked, id=4567, stack(0x00007f6039ad3000,0x00007f6039bd4000)]
=>0x00007f604c009800 JavaThread "main" [_thread_in_native, id=4561, stack(0x00007f6052860000,0x00007f6052960000)]

Other Threads:
  0x00007f604c076800 VMThread [stack: 0x00007f6039bd5000,0x00007f6039cd5000] [id=4566]
  0x00007f604c0d1800 WatcherThread [stack: 0x00007f60391e6000,0x00007f60392e6000] [id=4574]

VM state:not at safepoint (normal execution)

VM Mutex/Monitor currently owned by a thread: None

Heap:
 PSYoungGen      total 56320K, used 1945K [0x0000000781f00000, 0x0000000785d80000, 0x00000007c0000000)
  eden space 48640K, 4% used [0x0000000781f00000,0x00000007820e6688,0x0000000784e80000)
  from space 7680K, 0% used [0x0000000785600000,0x0000000785600000,0x0000000785d80000)
  to   space 7680K, 0% used [0x0000000784e80000,0x0000000784e80000,0x0000000785600000)
 ParOldGen       total 128512K, used 0K [0x0000000705c00000, 0x000000070d980000, 0x0000000781f00000)
  object space 128512K, 0% used [0x0000000705c00000,0x0000000705c00000,0x000000070d980000)
 Metaspace       used 2616K, capacity 4486K, committed 4864K, reserved 1056768K
  class space    used 277K, capacity 386K, committed 512K, reserved 1048576K

Card table byte_map: [0x00007f603c464000,0x00007f603ca37000] byte_map_base: 0x00007f6038c36000

Marking Bits: (ParMarkBitMap*) 0x00007f6051b6d120
 Begin Bits: [0x00007f60162e0000, 0x00007f6019170000)
 End Bits:   [0x00007f6019170000, 0x00007f601c000000)

Polling page: 0x00007f60529aa000

CodeCache: size=245760Kb used=1104Kb max_used=1115Kb free=244655Kb
 bounds [0x00007f603cdf7000, 0x00007f603d067000, 0x00007f604bdf7000]
 total_blobs=252 nmethods=21 adapters=146
 compilation: enabled

Compilation events (10 events):
Event: 0,056 Thread 0x00007f604c0bb800 nmethod 10 0x00007f603cf08650 code [0x00007f603cf08860, 0x00007f603cf09398]
Event: 0,056 Thread 0x00007f604c0bb800   18       3       java.lang.String::startsWith (72 bytes)
Event: 0,057 Thread 0x00007f604c0bb800 nmethod 18 0x00007f603cf098d0 code [0x00007f603cf09a40, 0x00007f603cf09d70]
Event: 0,057 Thread 0x00007f604c0bb800   19       1       java.lang.ref.Reference::get (5 bytes)
Event: 0,057 Thread 0x00007f604c0bb800 nmethod 19 0x00007f603cf09f50 code [0x00007f603cf0a0a0, 0x00007f603cf0a1b0]
Event: 0,058 Thread 0x00007f604c0bb800   20       3       java.lang.String::getChars (62 bytes)
Event: 0,058 Thread 0x00007f604c0bb800 nmethod 20 0x00007f603cf0a210 code [0x00007f603cf0a3c0, 0x00007f603cf0a7f8]
Event: 0,059 Thread 0x00007f604c0b7000 nmethod 14 0x00007f603cf0d890 code [0x00007f603cf0d9e0, 0x00007f603cf0dc58]
Event: 0,059 Thread 0x00007f604c0bb800   21       1       java.lang.ThreadLocal::access$400 (5 bytes)
Event: 0,059 Thread 0x00007f604c0bb800 nmethod 21 0x00007f603cf0d5d0 code [0x00007f603cf0d720, 0x00007f603cf0d810]

GC Heap History (0 events):
No events

Deoptimization events (0 events):
No events

Internal exceptions (2 events):
Event: 0,025 Thread 0x00007f604c009800 Exception <a 'java/lang/NoSuchMethodError': Method sun.misc.Unsafe.defineClass(Ljava/lang/String;[BII)Ljava/lang/Class; name or signature does not match> (0x0000000781f07ca8) thrown at [/build/java8-openjdk/src/jdk8u-jdk8u144-b01/hotspot/src/share/vm/prim
Event: 0,025 Thread 0x00007f604c009800 Exception <a 'java/lang/NoSuchMethodError': Method sun.misc.Unsafe.prefetchRead(Ljava/lang/Object;J)V name or signature does not match> (0x0000000781f07f90) thrown at [/build/java8-openjdk/src/jdk8u-jdk8u144-b01/hotspot/src/share/vm/prims/jni.cpp, line 40

Events (10 events):
Event: 0,060 loading class java/lang/Void
Event: 0,060 loading class java/lang/Void done
Event: 0,060 loading class java/lang/ClassLoaderHelper
Event: 0,060 loading class java/lang/ClassLoaderHelper done
Event: 0,060 loading class java/util/HashMap$EntrySet
Event: 0,061 loading class java/util/HashMap$EntrySet done
Event: 0,061 loading class java/util/HashMap$EntryIterator
Event: 0,061 loading class java/util/HashMap$HashIterator
Event: 0,061 loading class java/util/HashMap$HashIterator done
Event: 0,061 loading class java/util/HashMap$EntryIterator done


Dynamic libraries:
705c00000-70d980000 rw-p 00000000 00:00 0 
70d980000-781f00000 ---p 00000000 00:00 0 
781f00000-785d80000 rw-p 00000000 00:00 0 
785d80000-7c0000000 ---p 00000000 00:00 0 
7c0000000-7c0080000 rw-p 00000000 00:00 0 
7c0080000-800000000 ---p 00000000 00:00 0 
559a66055000-559a66056000 r-xp 00000000 08:02 1574435                    /usr/lib/jvm/java-8-openjdk/jre/bin/java
559a66255000-559a66256000 r--p 00000000 08:02 1574435                    /usr/lib/jvm/java-8-openjdk/jre/bin/java
559a66256000-559a66257000 rw-p 00001000 08:02 1574435                    /usr/lib/jvm/java-8-openjdk/jre/bin/java
559a666fb000-559a6671c000 rw-p 00000000 00:00 0                          [heap]
7f5ff0000000-7f5ff0021000 rw-p 00000000 00:00 0 
7f5ff0021000-7f5ff4000000 ---p 00000000 00:00 0 
7f5ff8000000-7f5ff806e000 rw-p 00000000 00:00 0 
7f5ff806e000-7f5ffc000000 ---p 00000000 00:00 0 
7f5ffc000000-7f5ffc021000 rw-p 00000000 00:00 0 
7f5ffc021000-7f6000000000 ---p 00000000 00:00 0 
7f6000000000-7f6000074000 rw-p 00000000 00:00 0 
7f6000074000-7f6004000000 ---p 00000000 00:00 0 
7f6004000000-7f6004021000 rw-p 00000000 00:00 0 
7f6004021000-7f6008000000 ---p 00000000 00:00 0 
7f6008000000-7f6008021000 rw-p 00000000 00:00 0 
7f6008021000-7f600c000000 ---p 00000000 00:00 0 
7f600c000000-7f600c021000 rw-p 00000000 00:00 0 
7f600c021000-7f6010000000 ---p 00000000 00:00 0 
7f6010000000-7f6010021000 rw-p 00000000 00:00 0 
7f6010021000-7f6014000000 ---p 00000000 00:00 0 
7f60162e0000-7f601c000000 rw-p 00000000 00:00 0 
7f601c000000-7f601c021000 rw-p 00000000 00:00 0 
7f601c021000-7f6020000000 ---p 00000000 00:00 0 
7f6020000000-7f6020021000 rw-p 00000000 00:00 0 
7f6020021000-7f6024000000 ---p 00000000 00:00 0 
7f6024000000-7f6024021000 rw-p 00000000 00:00 0 
7f6024021000-7f6028000000 ---p 00000000 00:00 0 
7f602c000000-7f602c021000 rw-p 00000000 00:00 0 
7f602c021000-7f6030000000 ---p 00000000 00:00 0 
7f6034000000-7f6034021000 rw-p 00000000 00:00 0 
7f6034021000-7f6038000000 ---p 00000000 00:00 0 
7f6038f3d000-7f6038f4e000 r-xp 00000000 08:02 4981275                    /home/philipp/Promotion/dxram/src/libNautyCheck.so
7f6038f4e000-7f603914d000 ---p 00011000 08:02 4981275                    /home/philipp/Promotion/dxram/src/libNautyCheck.so
7f603914d000-7f603914e000 r--p 00010000 08:02 4981275                    /home/philipp/Promotion/dxram/src/libNautyCheck.so
7f603914e000-7f603914f000 rw-p 00011000 08:02 4981275                    /home/philipp/Promotion/dxram/src/libNautyCheck.so
7f603914f000-7f60391e5000 r--s 008dd000 08:02 1897831                    /usr/lib/jvm/java-8-openjdk/jre/lib/ext/jfxrt.jar
7f60391e5000-7f60391e6000 ---p 00000000 00:00 0 
7f60391e6000-7f60392e6000 rw-p 00000000 00:00 0 
7f60392e6000-7f60392e9000 ---p 00000000 00:00 0 
7f60392e9000-7f60393e7000 rw-p 00000000 00:00 0 
7f60393e7000-7f60393e8000 ---p 00000000 00:00 0 
7f60393e8000-7f60393eb000 ---p 00000000 00:00 0 
7f60393eb000-7f60394e8000 rw-p 00000000 00:00 0 
7f60394e8000-7f60394e9000 ---p 00000000 00:00 0 
7f60394e9000-7f60394ec000 ---p 00000000 00:00 0 
7f60394ec000-7f60395e9000 rw-p 00000000 00:00 0 
7f60395e9000-7f60395ea000 ---p 00000000 00:00 0 
7f60395ea000-7f60395ed000 ---p 00000000 00:00 0 
7f60395ed000-7f60396ea000 rw-p 00000000 00:00 0 
7f60396ea000-7f60396ed000 ---p 00000000 00:00 0 
7f60396ed000-7f60397eb000 rw-p 00000000 00:00 0 
7f60397eb000-7f60399d2000 r--p 00000000 08:02 1405797                    /usr/lib/locale/locale-archive
7f60399d2000-7f60399d5000 ---p 00000000 00:00 0 
7f60399d5000-7f6039ad3000 rw-p 00000000 00:00 0 
7f6039ad3000-7f6039ad6000 ---p 00000000 00:00 0 
7f6039ad6000-7f6039bd4000 rw-p 00000000 00:00 0 
7f6039bd4000-7f6039bd5000 ---p 00000000 00:00 0 
7f6039bd5000-7f603ac68000 rw-p 00000000 00:00 0 
7f603ac68000-7f603ae36000 r--s 03c15000 08:02 1704545                    /usr/lib/jvm/java-8-openjdk/jre/lib/rt.jar
7f603ae36000-7f603b2ec000 rw-p 00000000 00:00 0 
7f603b2ec000-7f603b6ac000 ---p 00000000 00:00 0 
7f603b6ac000-7f603bc7e000 rw-p 00000000 00:00 0 
7f603bc7e000-7f603bc7f000 ---p 00000000 00:00 0 
7f603bc7f000-7f603bd7f000 rw-p 00000000 00:00 0 
7f603bd7f000-7f603bd80000 ---p 00000000 00:00 0 
7f603bd80000-7f603be80000 rw-p 00000000 00:00 0 
7f603be80000-7f603be81000 ---p 00000000 00:00 0 
7f603be81000-7f603bf81000 rw-p 00000000 00:00 0 
7f603bf81000-7f603bf82000 ---p 00000000 00:00 0 
7f603bf82000-7f603c0c1000 rw-p 00000000 00:00 0 
7f603c0c1000-7f603c464000 ---p 00000000 00:00 0 
7f603c464000-7f603c4a3000 rw-p 00000000 00:00 0 
7f603c4a3000-7f603c845000 ---p 00000000 00:00 0 
7f603c845000-7f603c865000 rw-p 00000000 00:00 0 
7f603c865000-7f603ca36000 ---p 00000000 00:00 0 
7f603ca36000-7f603ca41000 rw-p 00000000 00:00 0 
7f603ca41000-7f603cdf7000 ---p 00000000 00:00 0 
7f603cdf7000-7f603d067000 rwxp 00000000 00:00 0 
7f603d067000-7f604bdf7000 ---p 00000000 00:00 0 
7f604bdf7000-7f604bdff000 r-xp 00000000 08:02 1708684                    /usr/lib/jvm/java-8-openjdk/jre/lib/amd64/libzip.so
7f604bdff000-7f604bffe000 ---p 00008000 08:02 1708684                    /usr/lib/jvm/java-8-openjdk/jre/lib/amd64/libzip.so
7f604bffe000-7f604bfff000 r--p 00007000 08:02 1708684                    /usr/lib/jvm/java-8-openjdk/jre/lib/amd64/libzip.so
7f604bfff000-7f604c000000 rw-p 00008000 08:02 1708684                    /usr/lib/jvm/java-8-openjdk/jre/lib/amd64/libzip.so
7f604c000000-7f604c13a000 rw-p 00000000 00:00 0 
7f604c13a000-7f6050000000 ---p 00000000 00:00 0 
7f6050007000-7f6050055000 rw-p 00000000 00:00 0 
7f6050055000-7f6050060000 r-xp 00000000 08:02 1312872                    /usr/lib/libnss_files-2.26.so
7f6050060000-7f605025f000 ---p 0000b000 08:02 1312872                    /usr/lib/libnss_files-2.26.so
7f605025f000-7f6050260000 r--p 0000a000 08:02 1312872                    /usr/lib/libnss_files-2.26.so
7f6050260000-7f6050261000 rw-p 0000b000 08:02 1312872                    /usr/lib/libnss_files-2.26.so
7f6050261000-7f6050267000 rw-p 00000000 00:00 0 
7f6050267000-7f6050295000 r-xp 00000000 08:02 1708091                    /usr/lib/jvm/java-8-openjdk/jre/lib/amd64/libjava.so
7f6050295000-7f6050494000 ---p 0002e000 08:02 1708091                    /usr/lib/jvm/java-8-openjdk/jre/lib/amd64/libjava.so
7f6050494000-7f6050495000 r--p 0002d000 08:02 1708091                    /usr/lib/jvm/java-8-openjdk/jre/lib/amd64/libjava.so
7f6050495000-7f6050497000 rw-p 0002e000 08:02 1708091                    /usr/lib/jvm/java-8-openjdk/jre/lib/amd64/libjava.so
7f6050497000-7f60504a4000 r-xp 00000000 08:02 1707015                    /usr/lib/jvm/java-8-openjdk/jre/lib/amd64/libverify.so
7f60504a4000-7f60506a3000 ---p 0000d000 08:02 1707015                    /usr/lib/jvm/java-8-openjdk/jre/lib/amd64/libverify.so
7f60506a3000-7f60506a5000 r--p 0000c000 08:02 1707015                    /usr/lib/jvm/java-8-openjdk/jre/lib/amd64/libverify.so
7f60506a5000-7f60506a6000 rw-p 0000e000 08:02 1707015                    /usr/lib/jvm/java-8-openjdk/jre/lib/amd64/libverify.so
7f60506a6000-7f60506ad000 r-xp 00000000 08:02 1312855                    /usr/lib/librt-2.26.so
7f60506ad000-7f60508ac000 ---p 00007000 08:02 1312855                    /usr/lib/librt-2.26.so
7f60508ac000-7f60508ad000 r--p 00006000 08:02 1312855                    /usr/lib/librt-2.26.so
7f60508ad000-7f60508ae000 rw-p 00007000 08:02 1312855                    /usr/lib/librt-2.26.so
7f60508ae000-7f60509f9000 r-xp 00000000 08:02 1312863                    /usr/lib/libm-2.26.so
7f60509f9000-7f6050bf8000 ---p 0014b000 08:02 1312863                    /usr/lib/libm-2.26.so
7f6050bf8000-7f6050bf9000 r--p 0014a000 08:02 1312863                    /usr/lib/libm-2.26.so
7f6050bf9000-7f6050bfa000 rw-p 0014b000 08:02 1312863                    /usr/lib/libm-2.26.so
7f6050bfa000-7f605189d000 r-xp 00000000 08:02 1890179                    /usr/lib/jvm/java-8-openjdk/jre/lib/amd64/server/libjvm.so
7f605189d000-7f6051a9d000 ---p 00ca3000 08:02 1890179                    /usr/lib/jvm/java-8-openjdk/jre/lib/amd64/server/libjvm.so
7f6051a9d000-7f6051b31000 r--p 00ca3000 08:02 1890179                    /usr/lib/jvm/java-8-openjdk/jre/lib/amd64/server/libjvm.so
7f6051b31000-7f6051b59000 rw-p 00d37000 08:02 1890179                    /usr/lib/jvm/java-8-openjdk/jre/lib/amd64/server/libjvm.so
7f6051b59000-7f6051b8a000 rw-p 00000000 00:00 0 
7f6051b8a000-7f6051d38000 r-xp 00000000 08:02 1312947                    /usr/lib/libc-2.26.so
7f6051d38000-7f6051f37000 ---p 001ae000 08:02 1312947                    /usr/lib/libc-2.26.so
7f6051f37000-7f6051f3b000 r--p 001ad000 08:02 1312947                    /usr/lib/libc-2.26.so
7f6051f3b000-7f6051f3d000 rw-p 001b1000 08:02 1312947                    /usr/lib/libc-2.26.so
7f6051f3d000-7f6051f41000 rw-p 00000000 00:00 0 
7f6051f41000-7f6051f44000 r-xp 00000000 08:02 1312865                    /usr/lib/libdl-2.26.so
7f6051f44000-7f6052143000 ---p 00003000 08:02 1312865                    /usr/lib/libdl-2.26.so
7f6052143000-7f6052144000 r--p 00002000 08:02 1312865                    /usr/lib/libdl-2.26.so
7f6052144000-7f6052145000 rw-p 00003000 08:02 1312865                    /usr/lib/libdl-2.26.so
7f6052145000-7f6052153000 r-xp 00000000 08:02 1890182                    /usr/lib/jvm/java-8-openjdk/jre/lib/amd64/jli/libjli.so
7f6052153000-7f6052352000 ---p 0000e000 08:02 1890182                    /usr/lib/jvm/java-8-openjdk/jre/lib/amd64/jli/libjli.so
7f6052352000-7f6052353000 r--p 0000d000 08:02 1890182                    /usr/lib/jvm/java-8-openjdk/jre/lib/amd64/jli/libjli.so
7f6052353000-7f6052354000 rw-p 0000e000 08:02 1890182                    /usr/lib/jvm/java-8-openjdk/jre/lib/amd64/jli/libjli.so
7f6052354000-7f605236a000 r-xp 00000000 08:02 1316961                    /usr/lib/libz.so.1.2.11
7f605236a000-7f6052569000 ---p 00016000 08:02 1316961                    /usr/lib/libz.so.1.2.11
7f6052569000-7f605256a000 r--p 00015000 08:02 1316961                    /usr/lib/libz.so.1.2.11
7f605256a000-7f605256b000 rw-p 00016000 08:02 1316961                    /usr/lib/libz.so.1.2.11
7f605256b000-7f6052584000 r-xp 00000000 08:02 1312968                    /usr/lib/libpthread-2.26.so
7f6052584000-7f6052783000 ---p 00019000 08:02 1312968                    /usr/lib/libpthread-2.26.so
7f6052783000-7f6052784000 r--p 00018000 08:02 1312968                    /usr/lib/libpthread-2.26.so
7f6052784000-7f6052785000 rw-p 00019000 08:02 1312968                    /usr/lib/libpthread-2.26.so
7f6052785000-7f6052789000 rw-p 00000000 00:00 0 
7f6052789000-7f60527ae000 r-xp 00000000 08:02 1312948                    /usr/lib/ld-2.26.so
7f60527bb000-7f605285f000 rw-p 00000000 00:00 0 
7f605285f000-7f6052860000 ---p 00000000 00:00 0 
7f6052860000-7f6052863000 ---p 00000000 00:00 0 
7f6052863000-7f6052962000 rw-p 00000000 00:00 0 
7f6052966000-7f60529a1000 rw-p 00000000 00:00 0 
7f60529a1000-7f60529a9000 rw-s 00000000 00:2d 584927                     /tmp/hsperfdata_philipp/4560
7f60529a9000-7f60529aa000 rw-p 00000000 00:00 0 
7f60529aa000-7f60529ab000 r--p 00000000 00:00 0 
7f60529ab000-7f60529ad000 rw-p 00000000 00:00 0 
7f60529ad000-7f60529ae000 r--p 00024000 08:02 1312948                    /usr/lib/ld-2.26.so
7f60529ae000-7f60529af000 rw-p 00025000 08:02 1312948                    /usr/lib/ld-2.26.so
7f60529af000-7f60529b0000 rw-p 00000000 00:00 0 
7ffcbe983000-7ffcbe9a4000 rw-p 00000000 00:00 0                          [stack]
7ffcbe9e0000-7ffcbe9e3000 r--p 00000000 00:00 0                          [vvar]
7ffcbe9e3000-7ffcbe9e5000 r-xp 00000000 00:00 0                          [vdso]

VM Arguments:
java_command: de.hhu.bsinfo.dxgraph.algo.isomorphy.JNINauty
java_class_path (initial): .
Launcher Type: SUN_STANDARD

Environment Variables:
JAVA_HOME=/usr/lib/jvm/default
PATH=/home/philipp/bin:/home/philipp/.local/bin:/opt/nice:/usr/local/heroku/bin:/usr/local/sbin:/usr/local/bin:/usr/bin:/usr/bin/site_perl:/usr/bin/vendor_perl:/usr/bin/core_perl
LD_LIBRARY_PATH=/home/philipp/Promotion/dxram/src/de/hhu/bsinfo/dxgraph/algo/isomorphy::/usr/lib/jvm/default/lib/amd64/
SHELL=/bin/zsh
DISPLAY=:0

Signal Handlers:
SIGSEGV: [libjvm.so+0xaa46c0], sa_mask[0]=11111111011111111101111111111110, sa_flags=SA_RESTART|SA_SIGINFO
SIGBUS: [libjvm.so+0xaa46c0], sa_mask[0]=11111111011111111101111111111110, sa_flags=SA_RESTART|SA_SIGINFO
SIGFPE: [libjvm.so+0x8dc3d0], sa_mask[0]=11111111011111111101111111111110, sa_flags=SA_RESTART|SA_SIGINFO
SIGPIPE: [libjvm.so+0x8dc3d0], sa_mask[0]=11111111011111111101111111111110, sa_flags=SA_RESTART|SA_SIGINFO
SIGXFSZ: [libjvm.so+0x8dc3d0], sa_mask[0]=11111111011111111101111111111110, sa_flags=SA_RESTART|SA_SIGINFO
SIGILL: [libjvm.so+0x8dc3d0], sa_mask[0]=11111111011111111101111111111110, sa_flags=SA_RESTART|SA_SIGINFO
SIGUSR1: SIG_DFL, sa_mask[0]=00000000000000000000000000000000, sa_flags=none
SIGUSR2: [libjvm.so+0x8dc280], sa_mask[0]=00000000000000000000000000000000, sa_flags=SA_RESTART|SA_SIGINFO
SIGHUP: [libjvm.so+0x8dc730], sa_mask[0]=11111111011111111101111111111110, sa_flags=SA_RESTART|SA_SIGINFO
SIGINT: [libjvm.so+0x8dc730], sa_mask[0]=11111111011111111101111111111110, sa_flags=SA_RESTART|SA_SIGINFO
SIGTERM: [libjvm.so+0x8dc730], sa_mask[0]=11111111011111111101111111111110, sa_flags=SA_RESTART|SA_SIGINFO
SIGQUIT: [libjvm.so+0x8dc730], sa_mask[0]=11111111011111111101111111111110, sa_flags=SA_RESTART|SA_SIGINFO


---------------  S Y S T E M  ---------------

OS:LSB_VERSION=1.4
DISTRIB_ID=Arch
DISTRIB_RELEASE=rolling
DISTRIB_DESCRIPTION="Arch Linux"

uname:Linux 4.15.1-2-ARCH #1 SMP Sun Feb 4 22:27:45 UTC 2018 x86_64
libc:glibc 2.26 NPTL 2.26 
rlimit: STACK 8192k, CORE infinity, NPROC 47250, NOFILE 4096, AS infinity
load average:0,83 1,02 0,95

/proc/meminfo:
MemTotal:       12199856 kB
MemFree:          358848 kB
MemAvailable:    6855868 kB
Buffers:          416196 kB
Cached:          5215156 kB
SwapCached:            0 kB
Active:          7279140 kB
Inactive:        3830924 kB
Active(anon):    4111608 kB
Inactive(anon):   698996 kB
Active(file):    3167532 kB
Inactive(file):  3131928 kB
Unevictable:          48 kB
Mlocked:              48 kB
SwapTotal:       9178432 kB
SwapFree:        9178432 kB
Dirty:              3532 kB
Writeback:             0 kB
AnonPages:       5478768 kB
Mapped:           520684 kB
Shmem:            414072 kB
Slab:             568116 kB
SReclaimable:     519620 kB
SUnreclaim:        48496 kB
KernelStack:       10848 kB
PageTables:        49844 kB
NFS_Unstable:          0 kB
Bounce:                0 kB
WritebackTmp:          0 kB
CommitLimit:    15278360 kB
Committed_AS:    9994844 kB
VmallocTotal:   34359738367 kB
VmallocUsed:           0 kB
VmallocChunk:          0 kB
HardwareCorrupted:     0 kB
AnonHugePages:         0 kB
ShmemHugePages:        0 kB
ShmemPmdMapped:        0 kB
HugePages_Total:       0
HugePages_Free:        0
HugePages_Rsvd:        0
HugePages_Surp:        0
Hugepagesize:       2048 kB
DirectMap4k:      187032 kB
DirectMap2M:     8101888 kB
DirectMap1G:     4194304 kB


CPU:total 4 (initial active 4) (2 cores per cpu, 2 threads per core) family 6 model 69 stepping 1, cmov, cx8, fxsr, mmx, sse, sse2, sse3, ssse3, sse4.1, sse4.2, popcnt, avx, avx2, aes, clmul, erms, lzcnt, ht, tsc, tscinvbit, bmi1, bmi2

/proc/cpuinfo:
processor	: 0
vendor_id	: GenuineIntel
cpu family	: 6
model		: 69
model name	: Intel(R) Core(TM) i5-4300U CPU @ 1.90GHz
stepping	: 1
microcode	: 0x21
cpu MHz		: 2357.440
cache size	: 3072 KB
physical id	: 0
siblings	: 4
core id		: 0
cpu cores	: 2
apicid		: 0
initial apicid	: 0
fpu		: yes
fpu_exception	: yes
cpuid level	: 13
wp		: yes
flags		: fpu vme de pse tsc msr pae mce cx8 apic sep mtrr pge mca cmov pat pse36 clflush dts acpi mmx fxsr sse sse2 ss ht tm pbe syscall nx pdpe1gb rdtscp lm constant_tsc arch_perfmon pebs bts rep_good nopl xtopology nonstop_tsc cpuid aperfmperf pni pclmulqdq dtes64 monitor ds_cpl vmx smx est tm2 ssse3 sdbg fma cx16 xtpr pdcm pcid sse4_1 sse4_2 x2apic movbe popcnt tsc_deadline_timer aes xsave avx f16c rdrand lahf_lm abm cpuid_fault epb invpcid_single pti retpoline tpr_shadow vnmi flexpriority ept vpid fsgsbase tsc_adjust bmi1 avx2 smep bmi2 erms invpcid xsaveopt dtherm ida arat pln pts
bugs		: cpu_meltdown spectre_v1 spectre_v2
bogomips	: 4988.14
clflush size	: 64
cache_alignment	: 64
address sizes	: 39 bits physical, 48 bits virtual
power management:

processor	: 1
vendor_id	: GenuineIntel
cpu family	: 6
model		: 69
model name	: Intel(R) Core(TM) i5-4300U CPU @ 1.90GHz
stepping	: 1
microcode	: 0x21
cpu MHz		: 2064.743
cache size	: 3072 KB
physical id	: 0
siblings	: 4
core id		: 0
cpu cores	: 6
apicid		: 1
initial apicid	: 1
fpu		: yes
fpu_exception	: yes
cpuid level	: 13
wp		: yes
flags		: fpu vme de pse tsc msr pae mce cx8 apic sep mtrr pge mca cmov pat pse36 clflush dts acpi mmx fxsr sse sse2 ss ht tm pbe syscall nx pdpe1gb rdtscp lm constant_tsc arch_perfmon pebs bts rep_good nopl xtopology nonstop_tsc cpuid aperfmperf pni pclmulqdq dtes64 monitor ds_cpl vmx smx est tm2 ssse3 sdbg fma cx16 xtpr pdcm pcid sse4_1 sse4_2 x2apic movbe popcnt tsc_deadline_timer aes xsave avx f16c rdrand lahf_lm abm cpuid_fault epb invpcid_single pti retpoline tpr_shadow vnmi flexpriority ept vpid fsgsbase tsc_adjust bmi1 avx2 smep bmi2 erms invpcid xsaveopt dtherm ida arat pln pts
bugs		: cpu_meltdown spectre_v1 spectre_v2
bogomips	: 4988.14
clflush size	: 64
cache_alignment	: 64
address sizes	: 39 bits physical, 48 bits virtual
power management:

processor	: 2
vendor_id	: GenuineIntel
cpu family	: 6
model		: 69
model name	: Intel(R) Core(TM) i5-4300U CPU @ 1.90GHz
stepping	: 1
microcode	: 0x21
cpu MHz		: 2109.825
cache size	: 3072 KB
physical id	: 0
siblings	: 4
core id		: 1
cpu cores	: 10
apicid		: 2
initial apicid	: 2
fpu		: yes
fpu_exception	: yes
cpuid level	: 13
wp		: yes
flags		: fpu vme de pse tsc msr pae mce cx8 apic sep mtrr pge mca cmov pat pse36 clflush dts acpi mmx fxsr sse sse2 ss ht tm pbe syscall nx pdpe1gb rdtscp lm constant_tsc arch_perfmon pebs bts rep_good nopl xtopology nonstop_tsc cpuid aperfmperf pni pclmulqdq dtes64 monitor ds_cpl vmx smx est tm2 ssse3 sdbg fma cx16 xtpr pdcm pcid sse4_1 sse4_2 x2apic movbe popcnt tsc_deadline_timer aes xsave avx f16c rdrand lahf_lm abm cpuid_fault epb invpcid_single pti retpoline tpr_shadow vnmi flexpriority ept vpid fsgsbase tsc_adjust bmi1 avx2 smep bmi2 erms invpcid xsaveopt dtherm ida arat pln pts
bugs		: cpu_meltdown spectre_v1 spectre_v2
bogomips	: 4988.14
clflush size	: 64
cache_alignment	: 64
address sizes	: 39 bits physical, 48 bits virtual
power management:

processor	: 3
vendor_id	: GenuineIntel
cpu family	: 6
model		: 69
model name	: Intel(R) Core(TM) i5-4300U CPU @ 1.90GHz
stepping	: 1
microcode	: 0x21
cpu MHz		: 2413.677
cache size	: 3072 KB
physical id	: 0
siblings	: 4
core id		: 1
cpu cores	: 2
apicid		: 3
initial apicid	: 3
fpu		: yes
fpu_exception	: yes
cpuid level	: 13
wp		: yes
flags		: fpu vme de pse tsc msr pae mce cx8 apic sep mtrr pge mca cmov pat pse36 clflush dts acpi mmx fxsr sse sse2 ss ht tm pbe syscall nx pdpe1gb rdtscp lm constant_tsc arch_perfmon pebs bts rep_good nopl xtopology nonstop_tsc cpuid aperfmperf pni pclmulqdq dtes64 monitor ds_cpl vmx smx est tm2 ssse3 sdbg fma cx16 xtpr pdcm pcid sse4_1 sse4_2 x2apic movbe popcnt tsc_deadline_timer aes xsave avx f16c rdrand lahf_lm abm cpuid_fault epb invpcid_single pti retpoline tpr_shadow vnmi flexpriority ept vpid fsgsbase tsc_adjust bmi1 avx2 smep bmi2 erms invpcid xsaveopt dtherm ida arat pln pts
bugs		: cpu_meltdown spectre_v1 spectre_v2
bogomips	: 4988.14
clflush size	: 64
cache_alignment	: 64
address sizes	: 39 bits physical, 48 bits virtual
power management:



Memory: 4k page, physical 12199856k(358848k free), swap 9178432k(9178432k free)

vm_info: OpenJDK 64-Bit Server VM (25.144-b01) for linux-amd64 JRE (1.8.0_144-b01), built on Jul 28 2017 20:07:18 by "builduser" with gcc 7.1.1 20170630

time: Mon Feb 12 00:15:32 2018
elapsed time: 0 seconds (0d 0h 0m 0s)

