#
# A fatal error has been detected by the Java Runtime Environment:
#
#  SIGSEGV (0xb) at pc=0x00007f2c7f7f48fc, pid=4625, tid=0x00007f2c9d243700
#
# JRE version: OpenJDK Runtime Environment (8.0_144-b01) (build 1.8.0_144-b01)
# Java VM: OpenJDK 64-Bit Server VM (25.144-b01 mixed mode linux-amd64 compressed oops)
# Problematic frame:
# C  [libNautyCheck.so+0xc8fc]  Java_de_hhu_bsinfo_dxgraph_algo_isomorphy_JNINauty_addEdge+0x79
#
# Core dump written. Default location: /home/philipp/Promotion/dxram/src/de/hhu/bsinfo/dxgraph/algo/isomorphy/core or core.4625
#
# If you would like to submit a bug report, please visit:
#   http://bugreport.java.com/bugreport/crash.jsp
# The crash happened outside the Java Virtual Machine in native code.
# See problematic frame for where to report the bug.
#

---------------  T H R E A D  ---------------

Current thread (0x00007f2c94009800):  JavaThread "main" [_thread_in_native, id=4626, stack(0x00007f2c9d144000,0x00007f2c9d244000)]

siginfo: si_signo: 11 (SIGSEGV), si_code: 1 (SEGV_MAPERR), si_addr: 0x0000000000000000

Registers:
RAX=0x0000000000000000, RBX=0x00007f2c98be5618, RCX=0x0000000000000000, RDX=0x0000000000000000
RSP=0x00007f2c9d2427f0, RBP=0x00007f2c9d242820, RSI=0x0000000000000000, RDI=0x00007f2c9d242290
R8 =0x0000000000000000, R9 =0x0000000000000000, R10=0x0000000000000000, R11=0x0000000000000000
R12=0x0000000000000000, R13=0x00007f2c98be5618, R14=0x00007f2c9d2428d0, R15=0x00007f2c94009800
RIP=0x00007f2c7f7f48fc, EFLAGS=0x0000000000010246, CSGSFS=0x002b000000000033, ERR=0x0000000000000004
  TRAPNO=0x000000000000000e

Top of Stack: (sp=0x00007f2c9d2427f0)
0x00007f2c9d2427f0:   0000000198be5618 0000000000000000
0x00007f2c9d242800:   00007f2c9d2428d0 00007f2c940099e0
0x00007f2c9d242810:   00007f2c9d242898 0000000100000000
0x00007f2c9d242820:   00007f2c9d242898 00007f2c85017774
0x00007f2c9d242830:   00007f2c98be5618 00007f2c9d2428d0
0x00007f2c9d242840:   00007f2c9d242898 00007f2c85017507
0x00007f2c9d242850:   00007f2c850174c2 00007f2c9d242858
0x00007f2c9d242860:   00007f2c98be5618 00007f2c9d2428d0
0x00007f2c9d242870:   00007f2c98be59f8 0000000000000000
0x00007f2c9d242880:   00007f2c98be5618 0000000000000000
0x00007f2c9d242890:   00007f2c9d2428b8 00007f2c9d242918
0x00007f2c9d2428a0:   00007f2c85007ffd 0000000000000000
0x00007f2c9d2428b0:   00007f2c85011278 0000000000000001
0x00007f2c9d2428c0:   0000000000000000 0000000000000000
0x00007f2c9d2428d0:   0000000781f73660 00007f2c9d2428d8
0x00007f2c9d2428e0:   00007f2c98be579b 00007f2c9d242958
0x00007f2c9d2428f0:   00007f2c98be59f8 0000000000000000
0x00007f2c9d242900:   00007f2c98be5800 00007f2c9d2428b8
0x00007f2c9d242910:   00007f2c9d242938 00007f2c9d2429a8
0x00007f2c9d242920:   00007f2c850077d0 0000000781f73620
0x00007f2c9d242930:   0000000781f73c30 0000000781f73400
0x00007f2c9d242940:   0000000000000003 0000000781f73400
0x00007f2c9d242950:   0000000000000003 0000000781f73660
0x00007f2c9d242960:   0000000781f1dac8 00007f2c9d242968
0x00007f2c9d242970:   00007f2c98be58da 00007f2c9d2429c8
0x00007f2c9d242980:   00007f2c98be59f8 0000000000000000
0x00007f2c9d242990:   00007f2c98be58f0 00007f2c9d242938
0x00007f2c9d2429a0:   00007f2c9d2429c8 00007f2c9d242a30
0x00007f2c9d2429b0:   00007f2c850004e7 0000000781f73660
0x00007f2c9d2429c0:   0000000781f73400 0000000781f73250
0x00007f2c9d2429d0:   0000000000001fa0 00007f2c98be58f0
0x00007f2c9d2429e0:   00007f2c9d242c20 00007f2c9d242ad0 

Instructions: (pc=0x00007f2c7f7f48fc)
0x00007f2c7f7f48dc:   48 63 ca 8b 55 f8 48 63 d2 48 0f af ca 8b 55 fc
0x00007f2c7f7f48ec:   c1 fa 05 48 63 d2 48 01 ca 48 c1 e2 02 48 01 d0
0x00007f2c7f7f48fc:   8b 08 8b 45 fc 83 e0 1f 48 98 48 8d 14 85 00 00
0x00007f2c7f7f490c:   00 00 48 8d 05 ab 2a 00 00 8b 14 02 48 8b 05 b1 

Register to memory mapping:

RAX=0x0000000000000000 is an unknown value
RBX={method} {0x00007f2c98be5618} 'addEdge' '(III)V' in 'de/hhu/bsinfo/dxgraph/algo/isomorphy/JNINauty'
RCX=0x0000000000000000 is an unknown value
RDX=0x0000000000000000 is an unknown value
RSP=0x00007f2c9d2427f0 is pointing into the stack for thread: 0x00007f2c94009800
RBP=0x00007f2c9d242820 is pointing into the stack for thread: 0x00007f2c94009800
RSI=0x0000000000000000 is an unknown value
RDI=0x00007f2c9d242290 is pointing into the stack for thread: 0x00007f2c94009800
R8 =0x0000000000000000 is an unknown value
R9 =0x0000000000000000 is an unknown value
R10=0x0000000000000000 is an unknown value
R11=0x0000000000000000 is an unknown value
R12=0x0000000000000000 is an unknown value
R13={method} {0x00007f2c98be5618} 'addEdge' '(III)V' in 'de/hhu/bsinfo/dxgraph/algo/isomorphy/JNINauty'
R14=0x00007f2c9d2428d0 is pointing into the stack for thread: 0x00007f2c94009800
R15=0x00007f2c94009800 is a thread


Stack: [0x00007f2c9d144000,0x00007f2c9d244000],  sp=0x00007f2c9d2427f0,  free space=1017k
Native frames: (J=compiled Java code, j=interpreted, Vv=VM code, C=native code)
C  [libNautyCheck.so+0xc8fc]  Java_de_hhu_bsinfo_dxgraph_algo_isomorphy_JNINauty_addEdge+0x79
j  de.hhu.bsinfo.dxgraph.algo.isomorphy.JNINauty.addEdge(III)V+0
j  de.hhu.bsinfo.dxgraph.algo.isomorphy.JNINauty.check(ILjava/util/Map;ILjava/util/Map;)Z+83
j  de.hhu.bsinfo.dxgraph.algo.isomorphy.JNINauty.main([Ljava/lang/String;)V+50
v  ~StubRoutines::call_stub
V  [libjvm.so+0x67d0db]
V  [libjvm.so+0x69e840]
V  [libjvm.so+0x6a0e2d]
C  [libjli.so+0x361c]
C  [libpthread.so.0+0x708c]  start_thread+0xdc

Java frames: (J=compiled Java code, j=interpreted, Vv=VM code)
j  de.hhu.bsinfo.dxgraph.algo.isomorphy.JNINauty.addEdge(III)V+0
j  de.hhu.bsinfo.dxgraph.algo.isomorphy.JNINauty.check(ILjava/util/Map;ILjava/util/Map;)Z+83
j  de.hhu.bsinfo.dxgraph.algo.isomorphy.JNINauty.main([Ljava/lang/String;)V+50
v  ~StubRoutines::call_stub

---------------  P R O C E S S  ---------------

Java Threads: ( => current thread )
  0x00007f2c940c7000 JavaThread "Service Thread" daemon [_thread_blocked, id=4638, stack(0x00007f2c7fafb000,0x00007f2c7fbfc000)]
  0x00007f2c940bb800 JavaThread "C1 CompilerThread2" daemon [_thread_blocked, id=4637, stack(0x00007f2c7fbfd000,0x00007f2c7fcfd000)]
  0x00007f2c940ba000 JavaThread "C2 CompilerThread1" daemon [_thread_blocked, id=4636, stack(0x00007f2c7fcfe000,0x00007f2c7fdfe000)]
  0x00007f2c940b7000 JavaThread "C2 CompilerThread0" daemon [_thread_blocked, id=4635, stack(0x00007f2c7fdff000,0x00007f2c7feff000)]
  0x00007f2c940b5800 JavaThread "Signal Dispatcher" daemon [_thread_blocked, id=4634, stack(0x00007f2c7feff000,0x00007f2c80000000)]
  0x00007f2c94082800 JavaThread "Finalizer" daemon [_thread_blocked, id=4633, stack(0x00007f2c842b1000,0x00007f2c843b2000)]
  0x00007f2c9407e000 JavaThread "Reference Handler" daemon [_thread_blocked, id=4632, stack(0x00007f2c843b2000,0x00007f2c844b3000)]
=>0x00007f2c94009800 JavaThread "main" [_thread_in_native, id=4626, stack(0x00007f2c9d144000,0x00007f2c9d244000)]

Other Threads:
  0x00007f2c94076800 VMThread [stack: 0x00007f2c844b4000,0x00007f2c845b4000] [id=4631]
  0x00007f2c940c9800 WatcherThread [stack: 0x00007f2c7f9fb000,0x00007f2c7fafb000] [id=4639]

VM state:not at safepoint (normal execution)

VM Mutex/Monitor currently owned by a thread: None

Heap:
 PSYoungGen      total 56320K, used 1945K [0x0000000781f00000, 0x0000000785d80000, 0x00000007c0000000)
  eden space 48640K, 4% used [0x0000000781f00000,0x00000007820e6688,0x0000000784e80000)
  from space 7680K, 0% used [0x0000000785600000,0x0000000785600000,0x0000000785d80000)
  to   space 7680K, 0% used [0x0000000784e80000,0x0000000784e80000,0x0000000785600000)
 ParOldGen       total 128512K, used 0K [0x0000000705c00000, 0x000000070d980000, 0x0000000781f00000)
  object space 128512K, 0% used [0x0000000705c00000,0x0000000705c00000,0x000000070d980000)
 Metaspace       used 2620K, capacity 4486K, committed 4864K, reserved 1056768K
  class space    used 277K, capacity 386K, committed 512K, reserved 1048576K

Card table byte_map: [0x00007f2c99d9d000,0x00007f2c9a370000] byte_map_base: 0x00007f2c9656f000

Marking Bits: (ParMarkBitMap*) 0x00007f2c9c451120
 Begin Bits: [0x00007f2c622e0000, 0x00007f2c65170000)
 End Bits:   [0x00007f2c65170000, 0x00007f2c68000000)

Polling page: 0x00007f2c9d28e000

CodeCache: size=245760Kb used=1107Kb max_used=1118Kb free=244652Kb
 bounds [0x00007f2c85000000, 0x00007f2c85270000, 0x00007f2c94000000]
 total_blobs=252 nmethods=21 adapters=146
 compilation: enabled

Compilation events (10 events):
Event: 0,052 Thread 0x00007f2c940bb800 nmethod 19 0x00007f2c85111d50 code [0x00007f2c85111f20, 0x00007f2c851128c8]
Event: 0,052 Thread 0x00007f2c940bb800   16       3       java.util.LinkedList::add (7 bytes)
Event: 0,052 Thread 0x00007f2c940bb800 nmethod 16 0x00007f2c85112b90 code [0x00007f2c85112d00, 0x00007f2c85112ea8]
Event: 0,052 Thread 0x00007f2c940bb800   15       3       sun.misc.JarIndex::addToList (59 bytes)
Event: 0,053 Thread 0x00007f2c940bb800 nmethod 15 0x00007f2c85112f50 code [0x00007f2c85113180, 0x00007f2c85113cb8]
Event: 0,053 Thread 0x00007f2c940bb800   20       1       java.lang.ref.Reference::get (5 bytes)
Event: 0,053 Thread 0x00007f2c940bb800 nmethod 20 0x00007f2c85114210 code [0x00007f2c85114360, 0x00007f2c85114470]
Event: 0,053 Thread 0x00007f2c940bb800   21       1       java.lang.ThreadLocal::access$400 (5 bytes)
Event: 0,054 Thread 0x00007f2c940bb800 nmethod 21 0x00007f2c851144d0 code [0x00007f2c85114620, 0x00007f2c85114710]
Event: 0,054 Thread 0x00007f2c940b7000 nmethod 13 0x00007f2c85117610 code [0x00007f2c85117760, 0x00007f2c851179f8]

GC Heap History (0 events):
No events

Deoptimization events (0 events):
No events

Internal exceptions (2 events):
Event: 0,018 Thread 0x00007f2c94009800 Exception <a 'java/lang/NoSuchMethodError': Method sun.misc.Unsafe.defineClass(Ljava/lang/String;[BII)Ljava/lang/Class; name or signature does not match> (0x0000000781f07ca8) thrown at [/build/java8-openjdk/src/jdk8u-jdk8u144-b01/hotspot/src/share/vm/prim
Event: 0,019 Thread 0x00007f2c94009800 Exception <a 'java/lang/NoSuchMethodError': Method sun.misc.Unsafe.prefetchRead(Ljava/lang/Object;J)V name or signature does not match> (0x0000000781f07f90) thrown at [/build/java8-openjdk/src/jdk8u-jdk8u144-b01/hotspot/src/share/vm/prims/jni.cpp, line 40

Events (10 events):
Event: 0,054 loading class java/lang/Void
Event: 0,054 loading class java/lang/Void done
Event: 0,054 loading class java/lang/ClassLoaderHelper
Event: 0,054 loading class java/lang/ClassLoaderHelper done
Event: 0,055 loading class java/util/HashMap$EntrySet
Event: 0,055 loading class java/util/HashMap$EntrySet done
Event: 0,055 loading class java/util/HashMap$EntryIterator
Event: 0,055 loading class java/util/HashMap$HashIterator
Event: 0,055 loading class java/util/HashMap$HashIterator done
Event: 0,055 loading class java/util/HashMap$EntryIterator done


Dynamic libraries:
705c00000-70d980000 rw-p 00000000 00:00 0 
70d980000-781f00000 ---p 00000000 00:00 0 
781f00000-785d80000 rw-p 00000000 00:00 0 
785d80000-7c0000000 ---p 00000000 00:00 0 
7c0000000-7c0080000 rw-p 00000000 00:00 0 
7c0080000-800000000 ---p 00000000 00:00 0 
564c90ca7000-564c90ca8000 r-xp 00000000 08:02 1574435                    /usr/lib/jvm/java-8-openjdk/jre/bin/java
564c90ea7000-564c90ea8000 r--p 00000000 08:02 1574435                    /usr/lib/jvm/java-8-openjdk/jre/bin/java
564c90ea8000-564c90ea9000 rw-p 00001000 08:02 1574435                    /usr/lib/jvm/java-8-openjdk/jre/bin/java
564c922c5000-564c922e6000 rw-p 00000000 00:00 0                          [heap]
7f2c3c000000-7f2c3c021000 rw-p 00000000 00:00 0 
7f2c3c021000-7f2c40000000 ---p 00000000 00:00 0 
7f2c44000000-7f2c44066000 rw-p 00000000 00:00 0 
7f2c44066000-7f2c48000000 ---p 00000000 00:00 0 
7f2c48000000-7f2c48021000 rw-p 00000000 00:00 0 
7f2c48021000-7f2c4c000000 ---p 00000000 00:00 0 
7f2c4c000000-7f2c4c091000 rw-p 00000000 00:00 0 
7f2c4c091000-7f2c50000000 ---p 00000000 00:00 0 
7f2c50000000-7f2c50021000 rw-p 00000000 00:00 0 
7f2c50021000-7f2c54000000 ---p 00000000 00:00 0 
7f2c54000000-7f2c54021000 rw-p 00000000 00:00 0 
7f2c54021000-7f2c58000000 ---p 00000000 00:00 0 
7f2c58000000-7f2c58021000 rw-p 00000000 00:00 0 
7f2c58021000-7f2c5c000000 ---p 00000000 00:00 0 
7f2c5c000000-7f2c5c021000 rw-p 00000000 00:00 0 
7f2c5c021000-7f2c60000000 ---p 00000000 00:00 0 
7f2c622e0000-7f2c68000000 rw-p 00000000 00:00 0 
7f2c68000000-7f2c68021000 rw-p 00000000 00:00 0 
7f2c68021000-7f2c6c000000 ---p 00000000 00:00 0 
7f2c6c000000-7f2c6c021000 rw-p 00000000 00:00 0 
7f2c6c021000-7f2c70000000 ---p 00000000 00:00 0 
7f2c70000000-7f2c70021000 rw-p 00000000 00:00 0 
7f2c70021000-7f2c74000000 ---p 00000000 00:00 0 
7f2c78000000-7f2c78021000 rw-p 00000000 00:00 0 
7f2c78021000-7f2c7c000000 ---p 00000000 00:00 0 
7f2c7f7e8000-7f2c7f7f9000 r-xp 00000000 08:02 4981275                    /home/philipp/Promotion/dxram/src/libNautyCheck.so
7f2c7f7f9000-7f2c7f9f8000 ---p 00011000 08:02 4981275                    /home/philipp/Promotion/dxram/src/libNautyCheck.so
7f2c7f9f8000-7f2c7f9f9000 r--p 00010000 08:02 4981275                    /home/philipp/Promotion/dxram/src/libNautyCheck.so
7f2c7f9f9000-7f2c7f9fa000 rw-p 00011000 08:02 4981275                    /home/philipp/Promotion/dxram/src/libNautyCheck.so
7f2c7f9fa000-7f2c7f9fb000 ---p 00000000 00:00 0 
7f2c7f9fb000-7f2c7fafb000 rw-p 00000000 00:00 0 
7f2c7fafb000-7f2c7fafe000 ---p 00000000 00:00 0 
7f2c7fafe000-7f2c7fbfc000 rw-p 00000000 00:00 0 
7f2c7fbfc000-7f2c7fbfd000 ---p 00000000 00:00 0 
7f2c7fbfd000-7f2c7fc00000 ---p 00000000 00:00 0 
7f2c7fc00000-7f2c7fcfd000 rw-p 00000000 00:00 0 
7f2c7fcfd000-7f2c7fcfe000 ---p 00000000 00:00 0 
7f2c7fcfe000-7f2c7fd01000 ---p 00000000 00:00 0 
7f2c7fd01000-7f2c7fdfe000 rw-p 00000000 00:00 0 
7f2c7fdfe000-7f2c7fdff000 ---p 00000000 00:00 0 
7f2c7fdff000-7f2c7fe02000 ---p 00000000 00:00 0 
7f2c7fe02000-7f2c7feff000 rw-p 00000000 00:00 0 
7f2c7feff000-7f2c7ff02000 ---p 00000000 00:00 0 
7f2c7ff02000-7f2c80000000 rw-p 00000000 00:00 0 
7f2c80000000-7f2c80021000 rw-p 00000000 00:00 0 
7f2c80021000-7f2c84000000 ---p 00000000 00:00 0 
7f2c84034000-7f2c840ca000 r--s 008dd000 08:02 1897831                    /usr/lib/jvm/java-8-openjdk/jre/lib/ext/jfxrt.jar
7f2c840ca000-7f2c842b1000 r--p 00000000 08:02 1405797                    /usr/lib/locale/locale-archive
7f2c842b1000-7f2c842b4000 ---p 00000000 00:00 0 
7f2c842b4000-7f2c843b2000 rw-p 00000000 00:00 0 
7f2c843b2000-7f2c843b5000 ---p 00000000 00:00 0 
7f2c843b5000-7f2c844b3000 rw-p 00000000 00:00 0 
7f2c844b3000-7f2c844b4000 ---p 00000000 00:00 0 
7f2c844b4000-7f2c85000000 rw-p 00000000 00:00 0 
7f2c85000000-7f2c85270000 rwxp 00000000 00:00 0 
7f2c85270000-7f2c94000000 ---p 00000000 00:00 0 
7f2c94000000-7f2c94142000 rw-p 00000000 00:00 0 
7f2c94142000-7f2c98000000 ---p 00000000 00:00 0 
7f2c9800c000-7f2c985a1000 rw-p 00000000 00:00 0 
7f2c985a1000-7f2c9876f000 r--s 03c15000 08:02 1704545                    /usr/lib/jvm/java-8-openjdk/jre/lib/rt.jar
7f2c9876f000-7f2c98c25000 rw-p 00000000 00:00 0 
7f2c98c25000-7f2c98fe5000 ---p 00000000 00:00 0 
7f2c98fe5000-7f2c995b7000 rw-p 00000000 00:00 0 
7f2c995b7000-7f2c995b8000 ---p 00000000 00:00 0 
7f2c995b8000-7f2c996b8000 rw-p 00000000 00:00 0 
7f2c996b8000-7f2c996b9000 ---p 00000000 00:00 0 
7f2c996b9000-7f2c997b9000 rw-p 00000000 00:00 0 
7f2c997b9000-7f2c997ba000 ---p 00000000 00:00 0 
7f2c997ba000-7f2c998ba000 rw-p 00000000 00:00 0 
7f2c998ba000-7f2c998bb000 ---p 00000000 00:00 0 
7f2c998bb000-7f2c999fa000 rw-p 00000000 00:00 0 
7f2c999fa000-7f2c99d9d000 ---p 00000000 00:00 0 
7f2c99d9d000-7f2c99ddc000 rw-p 00000000 00:00 0 
7f2c99ddc000-7f2c9a17e000 ---p 00000000 00:00 0 
7f2c9a17e000-7f2c9a19e000 rw-p 00000000 00:00 0 
7f2c9a19e000-7f2c9a36f000 ---p 00000000 00:00 0 
7f2c9a36f000-7f2c9a37a000 rw-p 00000000 00:00 0 
7f2c9a37a000-7f2c9a730000 ---p 00000000 00:00 0 
7f2c9a730000-7f2c9a738000 r-xp 00000000 08:02 1708684                    /usr/lib/jvm/java-8-openjdk/jre/lib/amd64/libzip.so
7f2c9a738000-7f2c9a937000 ---p 00008000 08:02 1708684                    /usr/lib/jvm/java-8-openjdk/jre/lib/amd64/libzip.so
7f2c9a937000-7f2c9a938000 r--p 00007000 08:02 1708684                    /usr/lib/jvm/java-8-openjdk/jre/lib/amd64/libzip.so
7f2c9a938000-7f2c9a939000 rw-p 00008000 08:02 1708684                    /usr/lib/jvm/java-8-openjdk/jre/lib/amd64/libzip.so
7f2c9a939000-7f2c9a944000 r-xp 00000000 08:02 1312872                    /usr/lib/libnss_files-2.26.so
7f2c9a944000-7f2c9ab43000 ---p 0000b000 08:02 1312872                    /usr/lib/libnss_files-2.26.so
7f2c9ab43000-7f2c9ab44000 r--p 0000a000 08:02 1312872                    /usr/lib/libnss_files-2.26.so
7f2c9ab44000-7f2c9ab45000 rw-p 0000b000 08:02 1312872                    /usr/lib/libnss_files-2.26.so
7f2c9ab45000-7f2c9ab4b000 rw-p 00000000 00:00 0 
7f2c9ab4b000-7f2c9ab79000 r-xp 00000000 08:02 1708091                    /usr/lib/jvm/java-8-openjdk/jre/lib/amd64/libjava.so
7f2c9ab79000-7f2c9ad78000 ---p 0002e000 08:02 1708091                    /usr/lib/jvm/java-8-openjdk/jre/lib/amd64/libjava.so
7f2c9ad78000-7f2c9ad79000 r--p 0002d000 08:02 1708091                    /usr/lib/jvm/java-8-openjdk/jre/lib/amd64/libjava.so
7f2c9ad79000-7f2c9ad7b000 rw-p 0002e000 08:02 1708091                    /usr/lib/jvm/java-8-openjdk/jre/lib/amd64/libjava.so
7f2c9ad7b000-7f2c9ad88000 r-xp 00000000 08:02 1707015                    /usr/lib/jvm/java-8-openjdk/jre/lib/amd64/libverify.so
7f2c9ad88000-7f2c9af87000 ---p 0000d000 08:02 1707015                    /usr/lib/jvm/java-8-openjdk/jre/lib/amd64/libverify.so
7f2c9af87000-7f2c9af89000 r--p 0000c000 08:02 1707015                    /usr/lib/jvm/java-8-openjdk/jre/lib/amd64/libverify.so
7f2c9af89000-7f2c9af8a000 rw-p 0000e000 08:02 1707015                    /usr/lib/jvm/java-8-openjdk/jre/lib/amd64/libverify.so
7f2c9af8a000-7f2c9af91000 r-xp 00000000 08:02 1312855                    /usr/lib/librt-2.26.so
7f2c9af91000-7f2c9b190000 ---p 00007000 08:02 1312855                    /usr/lib/librt-2.26.so
7f2c9b190000-7f2c9b191000 r--p 00006000 08:02 1312855                    /usr/lib/librt-2.26.so
7f2c9b191000-7f2c9b192000 rw-p 00007000 08:02 1312855                    /usr/lib/librt-2.26.so
7f2c9b192000-7f2c9b2dd000 r-xp 00000000 08:02 1312863                    /usr/lib/libm-2.26.so
7f2c9b2dd000-7f2c9b4dc000 ---p 0014b000 08:02 1312863                    /usr/lib/libm-2.26.so
7f2c9b4dc000-7f2c9b4dd000 r--p 0014a000 08:02 1312863                    /usr/lib/libm-2.26.so
7f2c9b4dd000-7f2c9b4de000 rw-p 0014b000 08:02 1312863                    /usr/lib/libm-2.26.so
7f2c9b4de000-7f2c9c181000 r-xp 00000000 08:02 1890179                    /usr/lib/jvm/java-8-openjdk/jre/lib/amd64/server/libjvm.so
7f2c9c181000-7f2c9c381000 ---p 00ca3000 08:02 1890179                    /usr/lib/jvm/java-8-openjdk/jre/lib/amd64/server/libjvm.so
7f2c9c381000-7f2c9c415000 r--p 00ca3000 08:02 1890179                    /usr/lib/jvm/java-8-openjdk/jre/lib/amd64/server/libjvm.so
7f2c9c415000-7f2c9c43d000 rw-p 00d37000 08:02 1890179                    /usr/lib/jvm/java-8-openjdk/jre/lib/amd64/server/libjvm.so
7f2c9c43d000-7f2c9c46e000 rw-p 00000000 00:00 0 
7f2c9c46e000-7f2c9c61c000 r-xp 00000000 08:02 1312947                    /usr/lib/libc-2.26.so
7f2c9c61c000-7f2c9c81b000 ---p 001ae000 08:02 1312947                    /usr/lib/libc-2.26.so
7f2c9c81b000-7f2c9c81f000 r--p 001ad000 08:02 1312947                    /usr/lib/libc-2.26.so
7f2c9c81f000-7f2c9c821000 rw-p 001b1000 08:02 1312947                    /usr/lib/libc-2.26.so
7f2c9c821000-7f2c9c825000 rw-p 00000000 00:00 0 
7f2c9c825000-7f2c9c828000 r-xp 00000000 08:02 1312865                    /usr/lib/libdl-2.26.so
7f2c9c828000-7f2c9ca27000 ---p 00003000 08:02 1312865                    /usr/lib/libdl-2.26.so
7f2c9ca27000-7f2c9ca28000 r--p 00002000 08:02 1312865                    /usr/lib/libdl-2.26.so
7f2c9ca28000-7f2c9ca29000 rw-p 00003000 08:02 1312865                    /usr/lib/libdl-2.26.so
7f2c9ca29000-7f2c9ca37000 r-xp 00000000 08:02 1890182                    /usr/lib/jvm/java-8-openjdk/jre/lib/amd64/jli/libjli.so
7f2c9ca37000-7f2c9cc36000 ---p 0000e000 08:02 1890182                    /usr/lib/jvm/java-8-openjdk/jre/lib/amd64/jli/libjli.so
7f2c9cc36000-7f2c9cc37000 r--p 0000d000 08:02 1890182                    /usr/lib/jvm/java-8-openjdk/jre/lib/amd64/jli/libjli.so
7f2c9cc37000-7f2c9cc38000 rw-p 0000e000 08:02 1890182                    /usr/lib/jvm/java-8-openjdk/jre/lib/amd64/jli/libjli.so
7f2c9cc38000-7f2c9cc4e000 r-xp 00000000 08:02 1316961                    /usr/lib/libz.so.1.2.11
7f2c9cc4e000-7f2c9ce4d000 ---p 00016000 08:02 1316961                    /usr/lib/libz.so.1.2.11
7f2c9ce4d000-7f2c9ce4e000 r--p 00015000 08:02 1316961                    /usr/lib/libz.so.1.2.11
7f2c9ce4e000-7f2c9ce4f000 rw-p 00016000 08:02 1316961                    /usr/lib/libz.so.1.2.11
7f2c9ce4f000-7f2c9ce68000 r-xp 00000000 08:02 1312968                    /usr/lib/libpthread-2.26.so
7f2c9ce68000-7f2c9d067000 ---p 00019000 08:02 1312968                    /usr/lib/libpthread-2.26.so
7f2c9d067000-7f2c9d068000 r--p 00018000 08:02 1312968                    /usr/lib/libpthread-2.26.so
7f2c9d068000-7f2c9d069000 rw-p 00019000 08:02 1312968                    /usr/lib/libpthread-2.26.so
7f2c9d069000-7f2c9d06d000 rw-p 00000000 00:00 0 
7f2c9d06d000-7f2c9d092000 r-xp 00000000 08:02 1312948                    /usr/lib/ld-2.26.so
7f2c9d09f000-7f2c9d143000 rw-p 00000000 00:00 0 
7f2c9d143000-7f2c9d144000 ---p 00000000 00:00 0 
7f2c9d144000-7f2c9d147000 ---p 00000000 00:00 0 
7f2c9d147000-7f2c9d246000 rw-p 00000000 00:00 0 
7f2c9d24a000-7f2c9d285000 rw-p 00000000 00:00 0 
7f2c9d285000-7f2c9d28d000 rw-s 00000000 00:2d 586951                     /tmp/hsperfdata_philipp/4625
7f2c9d28d000-7f2c9d28e000 rw-p 00000000 00:00 0 
7f2c9d28e000-7f2c9d28f000 r--p 00000000 00:00 0 
7f2c9d28f000-7f2c9d291000 rw-p 00000000 00:00 0 
7f2c9d291000-7f2c9d292000 r--p 00024000 08:02 1312948                    /usr/lib/ld-2.26.so
7f2c9d292000-7f2c9d293000 rw-p 00025000 08:02 1312948                    /usr/lib/ld-2.26.so
7f2c9d293000-7f2c9d294000 rw-p 00000000 00:00 0 
7fff73f41000-7fff73f62000 rw-p 00000000 00:00 0                          [stack]
7fff73fb1000-7fff73fb4000 r--p 00000000 00:00 0                          [vvar]
7fff73fb4000-7fff73fb6000 r-xp 00000000 00:00 0                          [vdso]

VM Arguments:
java_command: de.hhu.bsinfo.dxgraph.algo.isomorphy.JNINauty
java_class_path (initial): .
Launcher Type: SUN_STANDARD

Environment Variables:
JAVA_HOME=/usr/lib/jvm/default
PATH=/home/philipp/bin:/home/philipp/.local/bin:/opt/nice:/usr/local/heroku/bin:/usr/local/sbin:/usr/local/bin:/usr/bin:/usr/bin/site_perl:/usr/bin/vendor_perl:/usr/bin/core_perl
LD_LIBRARY_PATH=/home/philipp/Promotion/dxram/src/de/hhu/bsinfo/dxgraph/algo/isomorphy::/usr/lib/jvm/default/lib/amd64/
SHELL=/bin/zsh
DISPLAY=:0

Signal Handlers:
SIGSEGV: [libjvm.so+0xaa46c0], sa_mask[0]=11111111011111111101111111111110, sa_flags=SA_RESTART|SA_SIGINFO
SIGBUS: [libjvm.so+0xaa46c0], sa_mask[0]=11111111011111111101111111111110, sa_flags=SA_RESTART|SA_SIGINFO
SIGFPE: [libjvm.so+0x8dc3d0], sa_mask[0]=11111111011111111101111111111110, sa_flags=SA_RESTART|SA_SIGINFO
SIGPIPE: [libjvm.so+0x8dc3d0], sa_mask[0]=11111111011111111101111111111110, sa_flags=SA_RESTART|SA_SIGINFO
SIGXFSZ: [libjvm.so+0x8dc3d0], sa_mask[0]=11111111011111111101111111111110, sa_flags=SA_RESTART|SA_SIGINFO
SIGILL: [libjvm.so+0x8dc3d0], sa_mask[0]=11111111011111111101111111111110, sa_flags=SA_RESTART|SA_SIGINFO
SIGUSR1: SIG_DFL, sa_mask[0]=00000000000000000000000000000000, sa_flags=none
SIGUSR2: [libjvm.so+0x8dc280], sa_mask[0]=00000000000000000000000000000000, sa_flags=SA_RESTART|SA_SIGINFO
SIGHUP: [libjvm.so+0x8dc730], sa_mask[0]=11111111011111111101111111111110, sa_flags=SA_RESTART|SA_SIGINFO
SIGINT: [libjvm.so+0x8dc730], sa_mask[0]=11111111011111111101111111111110, sa_flags=SA_RESTART|SA_SIGINFO
SIGTERM: [libjvm.so+0x8dc730], sa_mask[0]=11111111011111111101111111111110, sa_flags=SA_RESTART|SA_SIGINFO
SIGQUIT: [libjvm.so+0x8dc730], sa_mask[0]=11111111011111111101111111111110, sa_flags=SA_RESTART|SA_SIGINFO


---------------  S Y S T E M  ---------------

OS:LSB_VERSION=1.4
DISTRIB_ID=Arch
DISTRIB_RELEASE=rolling
DISTRIB_DESCRIPTION="Arch Linux"

uname:Linux 4.15.1-2-ARCH #1 SMP Sun Feb 4 22:27:45 UTC 2018 x86_64
libc:glibc 2.26 NPTL 2.26 
rlimit: STACK 8192k, CORE infinity, NPROC 47250, NOFILE 4096, AS infinity
load average:0,68 0,96 0,93

/proc/meminfo:
MemTotal:       12199856 kB
MemFree:          335240 kB
MemAvailable:    6835780 kB
Buffers:          416308 kB
Cached:          5218228 kB
SwapCached:            0 kB
Active:          7299448 kB
Inactive:        3834124 kB
Active(anon):    4131824 kB
Inactive(anon):   698912 kB
Active(file):    3167624 kB
Inactive(file):  3135212 kB
Unevictable:          48 kB
Mlocked:              48 kB
SwapTotal:       9178432 kB
SwapFree:        9178432 kB
Dirty:              2452 kB
Writeback:             0 kB
AnonPages:       5499172 kB
Mapped:           520460 kB
Shmem:            414016 kB
Slab:             568240 kB
SReclaimable:     519764 kB
SUnreclaim:        48476 kB
KernelStack:       10816 kB
PageTables:        50024 kB
NFS_Unstable:          0 kB
Bounce:                0 kB
WritebackTmp:          0 kB
CommitLimit:    15278360 kB
Committed_AS:    9971756 kB
VmallocTotal:   34359738367 kB
VmallocUsed:           0 kB
VmallocChunk:          0 kB
HardwareCorrupted:     0 kB
AnonHugePages:         0 kB
ShmemHugePages:        0 kB
ShmemPmdMapped:        0 kB
HugePages_Total:       0
HugePages_Free:        0
HugePages_Rsvd:        0
HugePages_Surp:        0
Hugepagesize:       2048 kB
DirectMap4k:      189080 kB
DirectMap2M:     8099840 kB
DirectMap1G:     4194304 kB


CPU:total 4 (initial active 4) (2 cores per cpu, 2 threads per core) family 6 model 69 stepping 1, cmov, cx8, fxsr, mmx, sse, sse2, sse3, ssse3, sse4.1, sse4.2, popcnt, avx, avx2, aes, clmul, erms, lzcnt, ht, tsc, tscinvbit, bmi1, bmi2

/proc/cpuinfo:
processor	: 0
vendor_id	: GenuineIntel
cpu family	: 6
model		: 69
model name	: Intel(R) Core(TM) i5-4300U CPU @ 1.90GHz
stepping	: 1
microcode	: 0x21
cpu MHz		: 2059.936
cache size	: 3072 KB
physical id	: 0
siblings	: 4
core id		: 0
cpu cores	: 2
apicid		: 0
initial apicid	: 0
fpu		: yes
fpu_exception	: yes
cpuid level	: 13
wp		: yes
flags		: fpu vme de pse tsc msr pae mce cx8 apic sep mtrr pge mca cmov pat pse36 clflush dts acpi mmx fxsr sse sse2 ss ht tm pbe syscall nx pdpe1gb rdtscp lm constant_tsc arch_perfmon pebs bts rep_good nopl xtopology nonstop_tsc cpuid aperfmperf pni pclmulqdq dtes64 monitor ds_cpl vmx smx est tm2 ssse3 sdbg fma cx16 xtpr pdcm pcid sse4_1 sse4_2 x2apic movbe popcnt tsc_deadline_timer aes xsave avx f16c rdrand lahf_lm abm cpuid_fault epb invpcid_single pti retpoline tpr_shadow vnmi flexpriority ept vpid fsgsbase tsc_adjust bmi1 avx2 smep bmi2 erms invpcid xsaveopt dtherm ida arat pln pts
bugs		: cpu_meltdown spectre_v1 spectre_v2
bogomips	: 4988.14
clflush size	: 64
cache_alignment	: 64
address sizes	: 39 bits physical, 48 bits virtual
power management:

processor	: 1
vendor_id	: GenuineIntel
cpu family	: 6
model		: 69
model name	: Intel(R) Core(TM) i5-4300U CPU @ 1.90GHz
stepping	: 1
microcode	: 0x21
cpu MHz		: 1853.465
cache size	: 3072 KB
physical id	: 0
siblings	: 4
core id		: 0
cpu cores	: 6
apicid		: 1
initial apicid	: 1
fpu		: yes
fpu_exception	: yes
cpuid level	: 13
wp		: yes
flags		: fpu vme de pse tsc msr pae mce cx8 apic sep mtrr pge mca cmov pat pse36 clflush dts acpi mmx fxsr sse sse2 ss ht tm pbe syscall nx pdpe1gb rdtscp lm constant_tsc arch_perfmon pebs bts rep_good nopl xtopology nonstop_tsc cpuid aperfmperf pni pclmulqdq dtes64 monitor ds_cpl vmx smx est tm2 ssse3 sdbg fma cx16 xtpr pdcm pcid sse4_1 sse4_2 x2apic movbe popcnt tsc_deadline_timer aes xsave avx f16c rdrand lahf_lm abm cpuid_fault epb invpcid_single pti retpoline tpr_shadow vnmi flexpriority ept vpid fsgsbase tsc_adjust bmi1 avx2 smep bmi2 erms invpcid xsaveopt dtherm ida arat pln pts
bugs		: cpu_meltdown spectre_v1 spectre_v2
bogomips	: 4988.14
clflush size	: 64
cache_alignment	: 64
address sizes	: 39 bits physical, 48 bits virtual
power management:

processor	: 2
vendor_id	: GenuineIntel
cpu family	: 6
model		: 69
model name	: Intel(R) Core(TM) i5-4300U CPU @ 1.90GHz
stepping	: 1
microcode	: 0x21
cpu MHz		: 1682.597
cache size	: 3072 KB
physical id	: 0
siblings	: 4
core id		: 1
cpu cores	: 10
apicid		: 2
initial apicid	: 2
fpu		: yes
fpu_exception	: yes
cpuid level	: 13
wp		: yes
flags		: fpu vme de pse tsc msr pae mce cx8 apic sep mtrr pge mca cmov pat pse36 clflush dts acpi mmx fxsr sse sse2 ss ht tm pbe syscall nx pdpe1gb rdtscp lm constant_tsc arch_perfmon pebs bts rep_good nopl xtopology nonstop_tsc cpuid aperfmperf pni pclmulqdq dtes64 monitor ds_cpl vmx smx est tm2 ssse3 sdbg fma cx16 xtpr pdcm pcid sse4_1 sse4_2 x2apic movbe popcnt tsc_deadline_timer aes xsave avx f16c rdrand lahf_lm abm cpuid_fault epb invpcid_single pti retpoline tpr_shadow vnmi flexpriority ept vpid fsgsbase tsc_adjust bmi1 avx2 smep bmi2 erms invpcid xsaveopt dtherm ida arat pln pts
bugs		: cpu_meltdown spectre_v1 spectre_v2
bogomips	: 4988.14
clflush size	: 64
cache_alignment	: 64
address sizes	: 39 bits physical, 48 bits virtual
power management:

processor	: 3
vendor_id	: GenuineIntel
cpu family	: 6
model		: 69
model name	: Intel(R) Core(TM) i5-4300U CPU @ 1.90GHz
stepping	: 1
microcode	: 0x21
cpu MHz		: 2352.426
cache size	: 3072 KB
physical id	: 0
siblings	: 4
core id		: 1
cpu cores	: 2
apicid		: 3
initial apicid	: 3
fpu		: yes
fpu_exception	: yes
cpuid level	: 13
wp		: yes
flags		: fpu vme de pse tsc msr pae mce cx8 apic sep mtrr pge mca cmov pat pse36 clflush dts acpi mmx fxsr sse sse2 ss ht tm pbe syscall nx pdpe1gb rdtscp lm constant_tsc arch_perfmon pebs bts rep_good nopl xtopology nonstop_tsc cpuid aperfmperf pni pclmulqdq dtes64 monitor ds_cpl vmx smx est tm2 ssse3 sdbg fma cx16 xtpr pdcm pcid sse4_1 sse4_2 x2apic movbe popcnt tsc_deadline_timer aes xsave avx f16c rdrand lahf_lm abm cpuid_fault epb invpcid_single pti retpoline tpr_shadow vnmi flexpriority ept vpid fsgsbase tsc_adjust bmi1 avx2 smep bmi2 erms invpcid xsaveopt dtherm ida arat pln pts
bugs		: cpu_meltdown spectre_v1 spectre_v2
bogomips	: 4988.14
clflush size	: 64
cache_alignment	: 64
address sizes	: 39 bits physical, 48 bits virtual
power management:



Memory: 4k page, physical 12199856k(335116k free), swap 9178432k(9178432k free)

vm_info: OpenJDK 64-Bit Server VM (25.144-b01) for linux-amd64 JRE (1.8.0_144-b01), built on Jul 28 2017 20:07:18 by "builduser" with gcc 7.1.1 20170630

time: Mon Feb 12 00:16:05 2018
elapsed time: 0 seconds (0d 0h 0m 0s)

